<?xml version="1.0" encoding="UTF-8"?>
<testsuite xmlns:xsi="http://www.w3.org/2001/XMLSchema-instance" xsi:noNamespaceSchemaLocation="https://maven.apache.org/surefire/maven-surefire-plugin/xsd/surefire-test-report-3.0.xsd" version="3.0" name="com.Proyecto_Venta_Mercado.SistemaApplicationTests" time="9.855" tests="1" errors="0" skipped="0" failures="0">
  <properties>
[...]
</properties>
  <testcase name="contextLoads" classname="com.Proyecto_Venta_Mercado.SistemaApplicationTests" time="0.053">
    <system-out><![CDATA[Standard Commons Logging discovery in action with spring-jcl: please remove commons-logging.jar from classpath in order to avoid potential conflicts
09:02:22.109 [main] INFO org.springframework.test.context.support.AnnotationConfigContextLoaderUtils -- Could not detect default configuration classes for test class [com.Proyecto_Venta_Mercado.SistemaApplicationTests]: SistemaApplicationTests does not declare any static, non-private, non-final, nested classes annotated with @Configuration.
09:02:22.212 [main] INFO org.springframework.boot.test.context.SpringBootTestContextBootstrapper -- Found @SpringBootConfiguration com.Proyecto_Venta_Mercado.SistemaApplication for test class com.Proyecto_Venta_Mercado.SistemaApplicationTests
09:02:22.381 [main] INFO org.springframework.boot.devtools.restart.RestartApplicationListener -- Restart disabled due to context in which it is running

  .   ____          _            __ _ _
 /\\ / ___'_ __ _ _(_)_ __  __ _ \ \ \ \
( ( )\___ | '_ | '_| | '_ \/ _` | \ \ \ \
 \\/  ___)| |_)| | | | | || (_| |  ) ) ) )
  '  |____| .__|_| |_|_| |_\__, | / / / /
 =========|_|==============|___/=/_/_/_/
 :: Spring Boot ::                (v3.2.8)

2025-06-25T09:02:22.657-05:00  INFO 17668 --- [           main] c.P.SistemaApplicationTests              : Starting SistemaApplicationTests using Java 17.0.12 with PID 17668 (started by cquiroz in D:\IntelliJ DEA\Proyecto_Venta_Mercado_BACKEND)
2025-06-25T09:02:22.659-05:00  INFO 17668 --- [           main] c.P.SistemaApplicationTests              : No active profile set, falling back to 1 default profile: "default"
2025-06-25T09:02:23.509-05:00  INFO 17668 --- [           main] .s.d.r.c.RepositoryConfigurationDelegate : Bootstrapping Spring Data JPA repositories in DEFAULT mode.
2025-06-25T09:02:23.639-05:00  INFO 17668 --- [           main] .s.d.r.c.RepositoryConfigurationDelegate : Finished Spring Data repository scanning in 121 ms. Found 1 JPA repository interface.
2025-06-25T09:02:24.356-05:00  INFO 17668 --- [           main] o.hibernate.jpa.internal.util.LogHelper  : HHH000204: Processing PersistenceUnitInfo [name: default]
2025-06-25T09:02:24.446-05:00  INFO 17668 --- [           main] org.hibernate.Version                    : HHH000412: Hibernate ORM core version 6.4.9.Final
2025-06-25T09:02:24.482-05:00  INFO 17668 --- [           main] o.h.c.internal.RegionFactoryInitiator    : HHH000026: Second-level cache disabled
2025-06-25T09:02:24.766-05:00  INFO 17668 --- [           main] o.s.o.j.p.SpringPersistenceUnitInfo      : No LoadTimeWeaver setup: ignoring JPA class transformer
2025-06-25T09:02:24.795-05:00  INFO 17668 --- [           main] com.zaxxer.hikari.HikariDataSource       : HikariPool-1 - Starting...
2025-06-25T09:02:26.198-05:00  INFO 17668 --- [           main] com.zaxxer.hikari.pool.HikariPool        : HikariPool-1 - Added connection com.mysql.cj.jdbc.ConnectionImpl@54ca9420
2025-06-25T09:02:26.204-05:00  INFO 17668 --- [           main] com.zaxxer.hikari.HikariDataSource       : HikariPool-1 - Start completed.
2025-06-25T09:02:26.225-05:00  WARN 17668 --- [           main] org.hibernate.orm.deprecation            : HHH90000025: MySQL8Dialect does not need to be specified explicitly using 'hibernate.dialect' (remove the property setting and it will be selected by default)
2025-06-25T09:02:26.225-05:00  WARN 17668 --- [           main] org.hibernate.orm.deprecation            : HHH90000026: MySQL8Dialect has been deprecated; use org.hibernate.dialect.MySQLDialect instead
2025-06-25T09:02:27.227-05:00  INFO 17668 --- [           main] o.h.e.t.j.p.i.JtaPlatformInitiator       : HHH000489: No JTA platform available (set 'hibernate.transaction.jta.platform' to enable JTA platform integration)
2025-06-25T09:02:29.425-05:00  INFO 17668 --- [           main] j.LocalContainerEntityManagerFactoryBean : Initialized JPA EntityManagerFactory for persistence unit 'default'
2025-06-25T09:02:31.441-05:00  INFO 17668 --- [           main] o.s.b.a.e.web.EndpointLinksResolver      : Exposing 1 endpoint(s) beneath base path '/actuator'
2025-06-25T09:02:31.690-05:00  INFO 17668 --- [           main] c.P.SistemaApplicationTests              : Started SistemaApplicationTests in 9.322 seconds (process running for 10.337)
]]></system-out>
  </testcase>
</testsuite>